 =====================>     TALLY 1: NEUTRON FLUX     <=====================

 Incoming Energy [0, 0.005)
   Total Material
     Flux                                 0 +/- 0
 Incoming Energy [0.005, 0.01)
   Total Material
     Flux                                 0 +/- 0
 Incoming Energy [0.01, 0.015)
   Total Material
     Flux                                 0 +/- 0
 Incoming Energy [0.015, 0.02)
   Total Material
     Flux                                 0 +/- 0
 Incoming Energy [0.02, 0.025)
   Total Material
     Flux                                 0 +/- 0
 Incoming Energy [0.025, 0.03)
   Total Material
     Flux                                 0 +/- 0
 Incoming Energy [0.03, 0.035)
   Total Material
     Flux                                 0 +/- 0
 Incoming Energy [0.035, 0.042)
   Total Material
     Flux                                 0 +/- 0
 Incoming Energy [0.042, 0.05)
   Total Material
     Flux                                 0 +/- 0
 Incoming Energy [0.05, 0.058)
   Total Material
     Flux                                 0 +/- 0
 Incoming Energy [0.058, 0.067)
   Total Material
     Flux                                 0 +/- 0
 Incoming Energy [0.067, 0.08)
   Total Material
     Flux                                 0 +/- 0
 Incoming Energy [0.08, 0.1)
   Total Material
     Flux                                 0 +/- 0
 Incoming Energy [0.1, 0.14)
   Total Material
     Flux                                 0 +/- 0
 Incoming Energy [0.14, 0.18)
   Total Material
     Flux                                 0 +/- 0
 Incoming Energy [0.18, 0.22)
   Total Material
     Flux                                 0 +/- 0
 Incoming Energy [0.22, 0.25)
   Total Material
     Flux                                 0 +/- 0
 Incoming Energy [0.25, 0.28)
   Total Material
     Flux                                 0 +/- 0
 Incoming Energy [0.28, 0.3)
   Total Material
     Flux                                 0 +/- 0
 Incoming Energy [0.3, 0.32)
   Total Material
     Flux                                 0 +/- 0
 Incoming Energy [0.32, 0.35)
   Total Material
     Flux                                 0 +/- 0
 Incoming Energy [0.35, 0.4)
   Total Material
     Flux                                 0 +/- 0
 Incoming Energy [0.4, 0.5)
   Total Material
     Flux                                 0 +/- 0
 Incoming Energy [0.5, 0.625)
   Total Material
     Flux                                 0 +/- 0
 Incoming Energy [0.625, 0.78)
   Total Material
     Flux                                 0 +/- 0
 Incoming Energy [0.78, 0.85)
   Total Material
     Flux                                 0 +/- 0
 Incoming Energy [0.85, 0.91)
   Total Material
     Flux                                 0 +/- 0
 Incoming Energy [0.91, 0.95)
   Total Material
     Flux                                 0 +/- 0
 Incoming Energy [0.95, 0.972)
   Total Material
     Flux                                 0 +/- 0
 Incoming Energy [0.972, 0.996)
   Total Material
     Flux                                 0 +/- 0
 Incoming Energy [0.996, 1.02)
   Total Material
     Flux                                 0 +/- 0
 Incoming Energy [1.02, 1.045)
   Total Material
     Flux                                 0 +/- 0
 Incoming Energy [1.045, 1.071)
   Total Material
     Flux                                 0 +/- 0
 Incoming Energy [1.071, 1.097)
   Total Material
     Flux                                 0 +/- 0
 Incoming Energy [1.097, 1.123)
   Total Material
     Flux                                 0 +/- 0
 Incoming Energy [1.123, 1.15)
   Total Material
     Flux                                 0 +/- 0
 Incoming Energy [1.15, 1.3)
   Total Material
     Flux                                 0 +/- 0
 Incoming Energy [1.3, 1.5)
   Total Material
     Flux                                 0 +/- 0
 Incoming Energy [1.5, 1.855)
   Total Material
     Flux                                 0 +/- 0
 Incoming Energy [1.855, 2.1)
   Total Material
     Flux                                 0 +/- 0
 Incoming Energy [2.1, 2.6)
   Total Material
     Flux                                 0 +/- 0
 Incoming Energy [2.6, 3.3)
   Total Material
     Flux                                 0 +/- 0
 Incoming Energy [3.3, 4)
   Total Material
     Flux                                 0 +/- 0
 Incoming Energy [4, 9.877)
   Total Material
     Flux                                 0 +/- 0
 Incoming Energy [9.877, 15.968)
   Total Material
     Flux                                 0 +/- 0
 Incoming Energy [15.968, 27.7)
   Total Material
     Flux                                 0 +/- 0
 Incoming Energy [27.7, 48.052)
   Total Material
     Flux                                 0 +/- 0
 Incoming Energy [48.052, 75.501)
   Total Material
     Flux                                 1.29484e-06 +/- 1.29484e-06
 Incoming Energy [75.501, 148.73)
   Total Material
     Flux                                 0 +/- 0
 Incoming Energy [148.73, 367.26)
   Total Material
     Flux                                 2.86535e-06 +/- 2.20721e-06
 Incoming Energy [367.26, 906.9)
   Total Material
     Flux                                 1.12629e-05 +/- 5.38129e-06
 Incoming Energy [906.9, 1425.1)
   Total Material
     Flux                                 4.24202e-05 +/- 1.43331e-05
 Incoming Energy [1425.1, 2239.5)
   Total Material
     Flux                                 6.41756e-05 +/- 1.32685e-05
 Incoming Energy [2239.5, 3519.1)
   Total Material
     Flux                                 0.000112755 +/- 1.57757e-05
 Incoming Energy [3519.1, 5530)
   Total Material
     Flux                                 0.000248219 +/- 2.67412e-05
 Incoming Energy [5530, 9118)
   Total Material
     Flux                                 0.000618224 +/- 4.40279e-05
 Incoming Energy [9118, 15030)
   Total Material
     Flux                                 0.00114077 +/- 6.3937e-05
 Incoming Energy [15030, 24780)
   Total Material
     Flux                                 0.00228968 +/- 8.46175e-05
 Incoming Energy [24780, 40850)
   Total Material
     Flux                                 0.00479901 +/- 0.00010882
 Incoming Energy [40850, 67340)
   Total Material
     Flux                                 0.0100342 +/- 0.000188122
 Incoming Energy [67340, 111000)
   Total Material
     Flux                                 0.021576 +/- 0.000278544
 Incoming Energy [111000, 183000)
   Total Material
     Flux                                 0.0440434 +/- 0.000354363
 Incoming Energy [183000, 302500)
   Total Material
     Flux                                 0.0896086 +/- 0.00049081
 Incoming Energy [302500, 500000)
   Total Material
     Flux                                 0.147839 +/- 0.000535828
 Incoming Energy [500000, 821000)
   Total Material
     Flux                                 0.244938 +/- 0.000844976
 Incoming Energy [821000, 1353000)
   Total Material
     Flux                                 0.307723 +/- 0.000812771
 Incoming Energy [1353000, 2231000)
   Total Material
     Flux                                 0.357107 +/- 0.000780876
 Incoming Energy [2231000, 3679000)
   Total Material
     Flux                                 0.321726 +/- 0.000719754
 Incoming Energy [3679000, 6065500)
   Total Material
     Flux                                 0.157862 +/- 0.000612155
 Incoming Energy [6065500, 20000000)
   Total Material
     Flux                                 0.0355707 +/- 0.000304098
 ====================>     TALLY 2: GAMMA SPECTRUM     <====================

 Incoming Energy [0, 0.005)
   Total Material
     Flux                                 0 +/- 0
 Incoming Energy [0.005, 0.01)
   Total Material
     Flux                                 0 +/- 0
 Incoming Energy [0.01, 0.015)
   Total Material
     Flux                                 0 +/- 0
 Incoming Energy [0.015, 0.02)
   Total Material
     Flux                                 0 +/- 0
 Incoming Energy [0.02, 0.025)
   Total Material
     Flux                                 0 +/- 0
 Incoming Energy [0.025, 0.03)
   Total Material
     Flux                                 0 +/- 0
 Incoming Energy [0.03, 0.035)
   Total Material
     Flux                                 0 +/- 0
 Incoming Energy [0.035, 0.042)
   Total Material
     Flux                                 0 +/- 0
 Incoming Energy [0.042, 0.05)
   Total Material
     Flux                                 0 +/- 0
 Incoming Energy [0.05, 0.058)
   Total Material
     Flux                                 0 +/- 0
 Incoming Energy [0.058, 0.067)
   Total Material
     Flux                                 0 +/- 0
 Incoming Energy [0.067, 0.08)
   Total Material
     Flux                                 0 +/- 0
 Incoming Energy [0.08, 0.1)
   Total Material
     Flux                                 0 +/- 0
 Incoming Energy [0.1, 0.14)
   Total Material
     Flux                                 0 +/- 0
 Incoming Energy [0.14, 0.18)
   Total Material
     Flux                                 0 +/- 0
 Incoming Energy [0.18, 0.22)
   Total Material
     Flux                                 0 +/- 0
 Incoming Energy [0.22, 0.25)
   Total Material
     Flux                                 0 +/- 0
 Incoming Energy [0.25, 0.28)
   Total Material
     Flux                                 0 +/- 0
 Incoming Energy [0.28, 0.3)
   Total Material
     Flux                                 0 +/- 0
 Incoming Energy [0.3, 0.32)
   Total Material
     Flux                                 0 +/- 0
 Incoming Energy [0.32, 0.35)
   Total Material
     Flux                                 0 +/- 0
 Incoming Energy [0.35, 0.4)
   Total Material
     Flux                                 0 +/- 0
 Incoming Energy [0.4, 0.5)
   Total Material
     Flux                                 0 +/- 0
 Incoming Energy [0.5, 0.625)
   Total Material
     Flux                                 0 +/- 0
 Incoming Energy [0.625, 0.78)
   Total Material
     Flux                                 0 +/- 0
 Incoming Energy [0.78, 0.85)
   Total Material
     Flux                                 0 +/- 0
 Incoming Energy [0.85, 0.91)
   Total Material
     Flux                                 0 +/- 0
 Incoming Energy [0.91, 0.95)
   Total Material
     Flux                                 0 +/- 0
 Incoming Energy [0.95, 0.972)
   Total Material
     Flux                                 0 +/- 0
 Incoming Energy [0.972, 0.996)
   Total Material
     Flux                                 0 +/- 0
 Incoming Energy [0.996, 1.02)
   Total Material
     Flux                                 0 +/- 0
 Incoming Energy [1.02, 1.045)
   Total Material
     Flux                                 0 +/- 0
 Incoming Energy [1.045, 1.071)
   Total Material
     Flux                                 0 +/- 0
 Incoming Energy [1.071, 1.097)
   Total Material
     Flux                                 0 +/- 0
 Incoming Energy [1.097, 1.123)
   Total Material
     Flux                                 0 +/- 0
 Incoming Energy [1.123, 1.15)
   Total Material
     Flux                                 0 +/- 0
 Incoming Energy [1.15, 1.3)
   Total Material
     Flux                                 0 +/- 0
 Incoming Energy [1.3, 1.5)
   Total Material
     Flux                                 0 +/- 0
 Incoming Energy [1.5, 1.855)
   Total Material
     Flux                                 0 +/- 0
 Incoming Energy [1.855, 2.1)
   Total Material
     Flux                                 0 +/- 0
 Incoming Energy [2.1, 2.6)
   Total Material
     Flux                                 0 +/- 0
 Incoming Energy [2.6, 3.3)
   Total Material
     Flux                                 0 +/- 0
 Incoming Energy [3.3, 4)
   Total Material
     Flux                                 0 +/- 0
 Incoming Energy [4, 9.877)
   Total Material
     Flux                                 0 +/- 0
 Incoming Energy [9.877, 15.968)
   Total Material
     Flux                                 0 +/- 0
 Incoming Energy [15.968, 27.7)
   Total Material
     Flux                                 0 +/- 0
 Incoming Energy [27.7, 48.052)
   Total Material
     Flux                                 0 +/- 0
 Incoming Energy [48.052, 75.501)
   Total Material
     Flux                                 1.29484e-06 +/- 1.29484e-06
 Incoming Energy [75.501, 148.73)
   Total Material
     Flux                                 0 +/- 0
 Incoming Energy [148.73, 367.26)
   Total Material
     Flux                                 2.86535e-06 +/- 2.20721e-06
 Incoming Energy [367.26, 906.9)
   Total Material
     Flux                                 1.12629e-05 +/- 5.38129e-06
 Incoming Energy [906.9, 1425.1)
   Total Material
     Flux                                 4.24202e-05 +/- 1.43331e-05
 Incoming Energy [1425.1, 2239.5)
   Total Material
     Flux                                 6.41756e-05 +/- 1.32685e-05
 Incoming Energy [2239.5, 3519.1)
   Total Material
     Flux                                 0.000112755 +/- 1.57757e-05
 Incoming Energy [3519.1, 5530)
   Total Material
     Flux                                 0.000248219 +/- 2.67412e-05
 Incoming Energy [5530, 9118)
   Total Material
     Flux                                 0.000618224 +/- 4.40279e-05
 Incoming Energy [9118, 15030)
   Total Material
     Flux                                 0.00114077 +/- 6.3937e-05
 Incoming Energy [15030, 24780)
   Total Material
     Flux                                 0.00228968 +/- 8.46175e-05
 Incoming Energy [24780, 40850)
   Total Material
     Flux                                 0.00479901 +/- 0.00010882
 Incoming Energy [40850, 67340)
   Total Material
     Flux                                 0.0100342 +/- 0.000188122
 Incoming Energy [67340, 111000)
   Total Material
     Flux                                 0.021576 +/- 0.000278544
 Incoming Energy [111000, 183000)
   Total Material
     Flux                                 0.0440434 +/- 0.000354363
 Incoming Energy [183000, 302500)
   Total Material
     Flux                                 0.0896086 +/- 0.00049081
 Incoming Energy [302500, 500000)
   Total Material
     Flux                                 0.147839 +/- 0.000535828
 Incoming Energy [500000, 821000)
   Total Material
     Flux                                 0.244938 +/- 0.000844976
 Incoming Energy [821000, 1353000)
   Total Material
     Flux                                 0.307723 +/- 0.000812771
 Incoming Energy [1353000, 2231000)
   Total Material
     Flux                                 0.357107 +/- 0.000780876
 Incoming Energy [2231000, 3679000)
   Total Material
     Flux                                 0.321726 +/- 0.000719754
 Incoming Energy [3679000, 6065500)
   Total Material
     Flux                                 0.157862 +/- 0.000612155
 Incoming Energy [6065500, 20000000)
   Total Material
     Flux                                 0.0355707 +/- 0.000304098
