 ============================>     TALLY 1     <============================

 Cell 1
   Total Material
     Recoverable fission power            3.68543e+06 +/- 100014
 Cell 2
   Total Material
     Recoverable fission power            9.13188e+06 +/- 177407
 Cell 3
   Total Material
     Recoverable fission power            1.19514e+07 +/- 144126
 Cell 4
   Total Material
     Recoverable fission power            1.30079e+07 +/- 189923
 Cell 5
   Total Material
     Recoverable fission power            1.3341e+07 +/- 234207
 Cell 6
   Total Material
     Recoverable fission power            1.27726e+07 +/- 208198
 Cell 7
   Total Material
     Recoverable fission power            1.18618e+07 +/- 128049
 Cell 8
   Total Material
     Recoverable fission power            1.11183e+07 +/- 150899
 Cell 9
   Total Material
     Recoverable fission power            8.80841e+06 +/- 177925
 Cell 10
   Total Material
     Recoverable fission power            3.65907e+06 +/- 71768.6
