 =====================>     TALLY 1: NEUTRON FLUX     <=====================

 Incoming Energy [0, 0.005)
   Total Material
     Flux                                 0 +/- 0
 Incoming Energy [0.005, 0.01)
   Total Material
     Flux                                 0 +/- 0
 Incoming Energy [0.01, 0.015)
   Total Material
     Flux                                 0 +/- 0
 Incoming Energy [0.015, 0.02)
   Total Material
     Flux                                 0 +/- 0
 Incoming Energy [0.02, 0.025)
   Total Material
     Flux                                 0 +/- 0
 Incoming Energy [0.025, 0.03)
   Total Material
     Flux                                 0 +/- 0
 Incoming Energy [0.03, 0.035)
   Total Material
     Flux                                 0 +/- 0
 Incoming Energy [0.035, 0.042)
   Total Material
     Flux                                 0 +/- 0
 Incoming Energy [0.042, 0.05)
   Total Material
     Flux                                 0 +/- 0
 Incoming Energy [0.05, 0.058)
   Total Material
     Flux                                 0 +/- 0
 Incoming Energy [0.058, 0.067)
   Total Material
     Flux                                 0 +/- 0
 Incoming Energy [0.067, 0.08)
   Total Material
     Flux                                 0 +/- 0
 Incoming Energy [0.08, 0.1)
   Total Material
     Flux                                 0 +/- 0
 Incoming Energy [0.1, 0.14)
   Total Material
     Flux                                 0 +/- 0
 Incoming Energy [0.14, 0.18)
   Total Material
     Flux                                 0 +/- 0
 Incoming Energy [0.18, 0.22)
   Total Material
     Flux                                 0 +/- 0
 Incoming Energy [0.22, 0.25)
   Total Material
     Flux                                 0 +/- 0
 Incoming Energy [0.25, 0.28)
   Total Material
     Flux                                 0 +/- 0
 Incoming Energy [0.28, 0.3)
   Total Material
     Flux                                 0 +/- 0
 Incoming Energy [0.3, 0.32)
   Total Material
     Flux                                 0 +/- 0
 Incoming Energy [0.32, 0.35)
   Total Material
     Flux                                 0 +/- 0
 Incoming Energy [0.35, 0.4)
   Total Material
     Flux                                 0 +/- 0
 Incoming Energy [0.4, 0.5)
   Total Material
     Flux                                 0 +/- 0
 Incoming Energy [0.5, 0.625)
   Total Material
     Flux                                 0 +/- 0
 Incoming Energy [0.625, 0.78)
   Total Material
     Flux                                 0 +/- 0
 Incoming Energy [0.78, 0.85)
   Total Material
     Flux                                 0 +/- 0
 Incoming Energy [0.85, 0.91)
   Total Material
     Flux                                 0 +/- 0
 Incoming Energy [0.91, 0.95)
   Total Material
     Flux                                 0 +/- 0
 Incoming Energy [0.95, 0.972)
   Total Material
     Flux                                 0 +/- 0
 Incoming Energy [0.972, 0.996)
   Total Material
     Flux                                 0 +/- 0
 Incoming Energy [0.996, 1.02)
   Total Material
     Flux                                 0 +/- 0
 Incoming Energy [1.02, 1.045)
   Total Material
     Flux                                 0 +/- 0
 Incoming Energy [1.045, 1.071)
   Total Material
     Flux                                 0 +/- 0
 Incoming Energy [1.071, 1.097)
   Total Material
     Flux                                 0 +/- 0
 Incoming Energy [1.097, 1.123)
   Total Material
     Flux                                 0 +/- 0
 Incoming Energy [1.123, 1.15)
   Total Material
     Flux                                 0 +/- 0
 Incoming Energy [1.15, 1.3)
   Total Material
     Flux                                 0 +/- 0
 Incoming Energy [1.3, 1.5)
   Total Material
     Flux                                 0 +/- 0
 Incoming Energy [1.5, 1.855)
   Total Material
     Flux                                 0 +/- 0
 Incoming Energy [1.855, 2.1)
   Total Material
     Flux                                 0 +/- 0
 Incoming Energy [2.1, 2.6)
   Total Material
     Flux                                 0 +/- 0
 Incoming Energy [2.6, 3.3)
   Total Material
     Flux                                 0 +/- 0
 Incoming Energy [3.3, 4)
   Total Material
     Flux                                 0 +/- 0
 Incoming Energy [4, 9.877)
   Total Material
     Flux                                 0 +/- 0
 Incoming Energy [9.877, 15.968)
   Total Material
     Flux                                 0 +/- 0
 Incoming Energy [15.968, 27.7)
   Total Material
     Flux                                 0 +/- 0
 Incoming Energy [27.7, 48.052)
   Total Material
     Flux                                 0 +/- 0
 Incoming Energy [48.052, 75.501)
   Total Material
     Flux                                 0 +/- 0
 Incoming Energy [75.501, 148.73)
   Total Material
     Flux                                 3.13327e-07 +/- 3.13327e-07
 Incoming Energy [148.73, 367.26)
   Total Material
     Flux                                 0 +/- 0
 Incoming Energy [367.26, 906.9)
   Total Material
     Flux                                 3.97501e-05 +/- 1.13508e-05
 Incoming Energy [906.9, 1425.1)
   Total Material
     Flux                                 3.0594e-05 +/- 1.21608e-05
 Incoming Energy [1425.1, 2239.5)
   Total Material
     Flux                                 8.80793e-05 +/- 1.55105e-05
 Incoming Energy [2239.5, 3519.1)
   Total Material
     Flux                                 9.0829e-05 +/- 1.42653e-05
 Incoming Energy [3519.1, 5530)
   Total Material
     Flux                                 0.000212846 +/- 2.31989e-05
 Incoming Energy [5530, 9118)
   Total Material
     Flux                                 0.000494312 +/- 3.6888e-05
 Incoming Energy [9118, 15030)
   Total Material
     Flux                                 0.00108184 +/- 6.64434e-05
 Incoming Energy [15030, 24780)
   Total Material
     Flux                                 0.00233919 +/- 7.73608e-05
 Incoming Energy [24780, 40850)
   Total Material
     Flux                                 0.00475955 +/- 0.000127033
 Incoming Energy [40850, 67340)
   Total Material
     Flux                                 0.010059 +/- 0.000186544
 Incoming Energy [67340, 111000)
   Total Material
     Flux                                 0.0213004 +/- 0.000259608
 Incoming Energy [111000, 183000)
   Total Material
     Flux                                 0.0444004 +/- 0.000375065
 Incoming Energy [183000, 302500)
   Total Material
     Flux                                 0.0904268 +/- 0.000455864
 Incoming Energy [302500, 500000)
   Total Material
     Flux                                 0.146486 +/- 0.000627727
 Incoming Energy [500000, 821000)
   Total Material
     Flux                                 0.243718 +/- 0.000801497
 Incoming Energy [821000, 1353000)
   Total Material
     Flux                                 0.308848 +/- 0.000773363
 Incoming Energy [1353000, 2231000)
   Total Material
     Flux                                 0.358437 +/- 0.000849839
 Incoming Energy [2231000, 3679000)
   Total Material
     Flux                                 0.323876 +/- 0.000829012
 Incoming Energy [3679000, 6065500)
   Total Material
     Flux                                 0.159183 +/- 0.000654344
 Incoming Energy [6065500, 20000000)
   Total Material
     Flux                                 0.0277262 +/- 0.000260947
 ====================>     TALLY 2: GAMMA SPECTRUM     <====================

 Incoming Energy [0, 0.005)
   Total Material
     Flux                                 0 +/- 0
 Incoming Energy [0.005, 0.01)
   Total Material
     Flux                                 0 +/- 0
 Incoming Energy [0.01, 0.015)
   Total Material
     Flux                                 0 +/- 0
 Incoming Energy [0.015, 0.02)
   Total Material
     Flux                                 0 +/- 0
 Incoming Energy [0.02, 0.025)
   Total Material
     Flux                                 0 +/- 0
 Incoming Energy [0.025, 0.03)
   Total Material
     Flux                                 0 +/- 0
 Incoming Energy [0.03, 0.035)
   Total Material
     Flux                                 0 +/- 0
 Incoming Energy [0.035, 0.042)
   Total Material
     Flux                                 0 +/- 0
 Incoming Energy [0.042, 0.05)
   Total Material
     Flux                                 0 +/- 0
 Incoming Energy [0.05, 0.058)
   Total Material
     Flux                                 0 +/- 0
 Incoming Energy [0.058, 0.067)
   Total Material
     Flux                                 0 +/- 0
 Incoming Energy [0.067, 0.08)
   Total Material
     Flux                                 0 +/- 0
 Incoming Energy [0.08, 0.1)
   Total Material
     Flux                                 0 +/- 0
 Incoming Energy [0.1, 0.14)
   Total Material
     Flux                                 0 +/- 0
 Incoming Energy [0.14, 0.18)
   Total Material
     Flux                                 0 +/- 0
 Incoming Energy [0.18, 0.22)
   Total Material
     Flux                                 0 +/- 0
 Incoming Energy [0.22, 0.25)
   Total Material
     Flux                                 0 +/- 0
 Incoming Energy [0.25, 0.28)
   Total Material
     Flux                                 0 +/- 0
 Incoming Energy [0.28, 0.3)
   Total Material
     Flux                                 0 +/- 0
 Incoming Energy [0.3, 0.32)
   Total Material
     Flux                                 0 +/- 0
 Incoming Energy [0.32, 0.35)
   Total Material
     Flux                                 0 +/- 0
 Incoming Energy [0.35, 0.4)
   Total Material
     Flux                                 0 +/- 0
 Incoming Energy [0.4, 0.5)
   Total Material
     Flux                                 0 +/- 0
 Incoming Energy [0.5, 0.625)
   Total Material
     Flux                                 0 +/- 0
 Incoming Energy [0.625, 0.78)
   Total Material
     Flux                                 0 +/- 0
 Incoming Energy [0.78, 0.85)
   Total Material
     Flux                                 0 +/- 0
 Incoming Energy [0.85, 0.91)
   Total Material
     Flux                                 0 +/- 0
 Incoming Energy [0.91, 0.95)
   Total Material
     Flux                                 0 +/- 0
 Incoming Energy [0.95, 0.972)
   Total Material
     Flux                                 0 +/- 0
 Incoming Energy [0.972, 0.996)
   Total Material
     Flux                                 0 +/- 0
 Incoming Energy [0.996, 1.02)
   Total Material
     Flux                                 0 +/- 0
 Incoming Energy [1.02, 1.045)
   Total Material
     Flux                                 0 +/- 0
 Incoming Energy [1.045, 1.071)
   Total Material
     Flux                                 0 +/- 0
 Incoming Energy [1.071, 1.097)
   Total Material
     Flux                                 0 +/- 0
 Incoming Energy [1.097, 1.123)
   Total Material
     Flux                                 0 +/- 0
 Incoming Energy [1.123, 1.15)
   Total Material
     Flux                                 0 +/- 0
 Incoming Energy [1.15, 1.3)
   Total Material
     Flux                                 0 +/- 0
 Incoming Energy [1.3, 1.5)
   Total Material
     Flux                                 0 +/- 0
 Incoming Energy [1.5, 1.855)
   Total Material
     Flux                                 0 +/- 0
 Incoming Energy [1.855, 2.1)
   Total Material
     Flux                                 0 +/- 0
 Incoming Energy [2.1, 2.6)
   Total Material
     Flux                                 0 +/- 0
 Incoming Energy [2.6, 3.3)
   Total Material
     Flux                                 0 +/- 0
 Incoming Energy [3.3, 4)
   Total Material
     Flux                                 0 +/- 0
 Incoming Energy [4, 9.877)
   Total Material
     Flux                                 0 +/- 0
 Incoming Energy [9.877, 15.968)
   Total Material
     Flux                                 0 +/- 0
 Incoming Energy [15.968, 27.7)
   Total Material
     Flux                                 0 +/- 0
 Incoming Energy [27.7, 48.052)
   Total Material
     Flux                                 0 +/- 0
 Incoming Energy [48.052, 75.501)
   Total Material
     Flux                                 0 +/- 0
 Incoming Energy [75.501, 148.73)
   Total Material
     Flux                                 3.13327e-07 +/- 3.13327e-07
 Incoming Energy [148.73, 367.26)
   Total Material
     Flux                                 0 +/- 0
 Incoming Energy [367.26, 906.9)
   Total Material
     Flux                                 3.97501e-05 +/- 1.13508e-05
 Incoming Energy [906.9, 1425.1)
   Total Material
     Flux                                 3.0594e-05 +/- 1.21608e-05
 Incoming Energy [1425.1, 2239.5)
   Total Material
     Flux                                 8.80793e-05 +/- 1.55105e-05
 Incoming Energy [2239.5, 3519.1)
   Total Material
     Flux                                 9.0829e-05 +/- 1.42653e-05
 Incoming Energy [3519.1, 5530)
   Total Material
     Flux                                 0.000212846 +/- 2.31989e-05
 Incoming Energy [5530, 9118)
   Total Material
     Flux                                 0.000494312 +/- 3.6888e-05
 Incoming Energy [9118, 15030)
   Total Material
     Flux                                 0.00108184 +/- 6.64434e-05
 Incoming Energy [15030, 24780)
   Total Material
     Flux                                 0.00233919 +/- 7.73608e-05
 Incoming Energy [24780, 40850)
   Total Material
     Flux                                 0.00475955 +/- 0.000127033
 Incoming Energy [40850, 67340)
   Total Material
     Flux                                 0.010059 +/- 0.000186544
 Incoming Energy [67340, 111000)
   Total Material
     Flux                                 0.0213004 +/- 0.000259608
 Incoming Energy [111000, 183000)
   Total Material
     Flux                                 0.0444004 +/- 0.000375065
 Incoming Energy [183000, 302500)
   Total Material
     Flux                                 0.0904268 +/- 0.000455864
 Incoming Energy [302500, 500000)
   Total Material
     Flux                                 0.146486 +/- 0.000627727
 Incoming Energy [500000, 821000)
   Total Material
     Flux                                 0.243718 +/- 0.000801497
 Incoming Energy [821000, 1353000)
   Total Material
     Flux                                 0.308848 +/- 0.000773363
 Incoming Energy [1353000, 2231000)
   Total Material
     Flux                                 0.358437 +/- 0.000849839
 Incoming Energy [2231000, 3679000)
   Total Material
     Flux                                 0.323876 +/- 0.000829012
 Incoming Energy [3679000, 6065500)
   Total Material
     Flux                                 0.159183 +/- 0.000654344
 Incoming Energy [6065500, 20000000)
   Total Material
     Flux                                 0.0277262 +/- 0.000260947
 ============================>     TALLY 3     <============================

 Internal

